CRITICAL - 2023-05-14 20:47:20 --> syntax error, unexpected token ";", expecting ")"
in APPPATH\Views\plantillas\nav.php on line 167.
 1 SYSTEMPATH\View\View.php(216): CodeIgniter\View\View->CodeIgniter\View\{closure}()
 2 SYSTEMPATH\Common.php(1184): CodeIgniter\View\View->render('plantillas\\nav', [], true)
 3 APPPATH\Controllers\Home.php(12): view('plantillas\\nav')
 4 SYSTEMPATH\CodeIgniter.php(934): App\Controllers\Home->index()
 5 SYSTEMPATH\CodeIgniter.php(499): CodeIgniter\CodeIgniter->runController(Object(App\Controllers\Home))
 6 SYSTEMPATH\CodeIgniter.php(368): CodeIgniter\CodeIgniter->handleRequest(null, Object(Config\Cache), false)
 7 FCPATH\index.php(67): CodeIgniter\CodeIgniter->run()
ERROR - 2023-05-14 21:05:13 --> mysqli_sql_exception: Cannot add or update a child row: a foreign key constraint fails (`db_dominguez_anibal`.`usuarios`, CONSTRAINT `usuarios_ibfk_1` FOREIGN KEY (`id_perfil`) REFERENCES `perfil` (`id_perfil`)) in C:\xampp\htdocs\ci_2023_DominguezAnibal\system\Database\MySQLi\Connection.php:295
Stack trace:
#0 C:\xampp\htdocs\ci_2023_DominguezAnibal\system\Database\MySQLi\Connection.php(295): mysqli->query('INSERT INTO `us...', 0)
#1 C:\xampp\htdocs\ci_2023_DominguezAnibal\system\Database\BaseConnection.php(691): CodeIgniter\Database\MySQLi\Connection->execute('INSERT INTO `us...')
#2 C:\xampp\htdocs\ci_2023_DominguezAnibal\system\Database\BaseConnection.php(605): CodeIgniter\Database\BaseConnection->simpleQuery('INSERT INTO `us...')
#3 C:\xampp\htdocs\ci_2023_DominguezAnibal\system\Database\BaseBuilder.php(2309): CodeIgniter\Database\BaseConnection->query('INSERT INTO `us...', Array, false)
#4 C:\xampp\htdocs\ci_2023_DominguezAnibal\system\Model.php(330): CodeIgniter\Database\BaseBuilder->insert()
#5 C:\xampp\htdocs\ci_2023_DominguezAnibal\system\BaseModel.php(782): CodeIgniter\Model->doInsert(Array)
#6 C:\xampp\htdocs\ci_2023_DominguezAnibal\system\Model.php(730): CodeIgniter\BaseModel->insert(Array, true)
#7 C:\xampp\htdocs\ci_2023_DominguezAnibal\app\Controllers\UserController.php(76): CodeIgniter\Model->insert(Array)
#8 C:\xampp\htdocs\ci_2023_DominguezAnibal\system\CodeIgniter.php(934): App\Controllers\UserController->registrarUsuario()
#9 C:\xampp\htdocs\ci_2023_DominguezAnibal\system\CodeIgniter.php(499): CodeIgniter\CodeIgniter->runController(Object(App\Controllers\UserController))
#10 C:\xampp\htdocs\ci_2023_DominguezAnibal\system\CodeIgniter.php(368): CodeIgniter\CodeIgniter->handleRequest(NULL, Object(Config\Cache), false)
#11 C:\xampp\htdocs\ci_2023_DominguezAnibal\index.php(67): CodeIgniter\CodeIgniter->run()
#12 {main}
CRITICAL - 2023-05-14 21:05:13 --> Cannot add or update a child row: a foreign key constraint fails (`db_dominguez_anibal`.`usuarios`, CONSTRAINT `usuarios_ibfk_1` FOREIGN KEY (`id_perfil`) REFERENCES `perfil` (`id_perfil`))
in SYSTEMPATH\Database\MySQLi\Connection.php on line 295.
 1 SYSTEMPATH\Database\MySQLi\Connection.php(295): mysqli->query('INSERT INTO `usuarios` (`nombre_usuario`, `apellido_usuario`, `email_usuario`, `contrasena_usuario`, `estado_usuario`) VALUES (\'Anibal \', \'Dominguez\', \'benjad971.bd@gmail.com\', \'$2y$10$u8QY8qXu/RXSfKgB2Hswvew4ZVZe9IsV32ngPYNi7siec6sB8wBQm\', 1)', 0)
 2 SYSTEMPATH\Database\BaseConnection.php(691): CodeIgniter\Database\MySQLi\Connection->execute('INSERT INTO `usuarios` (`nombre_usuario`, `apellido_usuario`, `email_usuario`, `contrasena_usuario`, `estado_usuario`) VALUES (\'Anibal \', \'Dominguez\', \'benjad971.bd@gmail.com\', \'$2y$10$u8QY8qXu/RXSfKgB2Hswvew4ZVZe9IsV32ngPYNi7siec6sB8wBQm\', 1)')
 3 SYSTEMPATH\Database\BaseConnection.php(605): CodeIgniter\Database\BaseConnection->simpleQuery('INSERT INTO `usuarios` (`nombre_usuario`, `apellido_usuario`, `email_usuario`, `contrasena_usuario`, `estado_usuario`) VALUES (\'Anibal \', \'Dominguez\', \'benjad971.bd@gmail.com\', \'$2y$10$u8QY8qXu/RXSfKgB2Hswvew4ZVZe9IsV32ngPYNi7siec6sB8wBQm\', 1)')
 4 SYSTEMPATH\Database\BaseBuilder.php(2309): CodeIgniter\Database\BaseConnection->query('INSERT INTO `usuarios` (`nombre_usuario`, `apellido_usuario`, `email_usuario`, `contrasena_usuario`, `estado_usuario`) VALUES (:nombre_usuario:, :apellido_usuario:, :email_usuario:, :contrasena_usuario:, :estado_usuario:)', [...], false)
 5 SYSTEMPATH\Model.php(330): CodeIgniter\Database\BaseBuilder->insert()
 6 SYSTEMPATH\BaseModel.php(782): CodeIgniter\Model->doInsert([...])
 7 SYSTEMPATH\Model.php(730): CodeIgniter\BaseModel->insert([...], true)
 8 APPPATH\Controllers\UserController.php(76): CodeIgniter\Model->insert([...])
 9 SYSTEMPATH\CodeIgniter.php(934): App\Controllers\UserController->registrarUsuario()
10 SYSTEMPATH\CodeIgniter.php(499): CodeIgniter\CodeIgniter->runController(Object(App\Controllers\UserController))
11 SYSTEMPATH\CodeIgniter.php(368): CodeIgniter\CodeIgniter->handleRequest(null, Object(Config\Cache), false)
12 FCPATH\index.php(67): CodeIgniter\CodeIgniter->run()
ERROR - 2023-05-14 21:08:50 --> mysqli_sql_exception: Cannot add or update a child row: a foreign key constraint fails (`db_dominguez_anibal`.`usuarios`, CONSTRAINT `usuarios_ibfk_1` FOREIGN KEY (`id_perfil`) REFERENCES `perfil` (`id_perfil`)) in C:\xampp\htdocs\ci_2023_DominguezAnibal\system\Database\MySQLi\Connection.php:295
Stack trace:
#0 C:\xampp\htdocs\ci_2023_DominguezAnibal\system\Database\MySQLi\Connection.php(295): mysqli->query('INSERT INTO `us...', 0)
#1 C:\xampp\htdocs\ci_2023_DominguezAnibal\system\Database\BaseConnection.php(691): CodeIgniter\Database\MySQLi\Connection->execute('INSERT INTO `us...')
#2 C:\xampp\htdocs\ci_2023_DominguezAnibal\system\Database\BaseConnection.php(605): CodeIgniter\Database\BaseConnection->simpleQuery('INSERT INTO `us...')
#3 C:\xampp\htdocs\ci_2023_DominguezAnibal\system\Database\BaseBuilder.php(2309): CodeIgniter\Database\BaseConnection->query('INSERT INTO `us...', Array, false)
#4 C:\xampp\htdocs\ci_2023_DominguezAnibal\system\Model.php(330): CodeIgniter\Database\BaseBuilder->insert()
#5 C:\xampp\htdocs\ci_2023_DominguezAnibal\system\BaseModel.php(782): CodeIgniter\Model->doInsert(Array)
#6 C:\xampp\htdocs\ci_2023_DominguezAnibal\system\Model.php(730): CodeIgniter\BaseModel->insert(Array, true)
#7 C:\xampp\htdocs\ci_2023_DominguezAnibal\app\Controllers\UserController.php(76): CodeIgniter\Model->insert(Array)
#8 C:\xampp\htdocs\ci_2023_DominguezAnibal\system\CodeIgniter.php(934): App\Controllers\UserController->registrarUsuario()
#9 C:\xampp\htdocs\ci_2023_DominguezAnibal\system\CodeIgniter.php(499): CodeIgniter\CodeIgniter->runController(Object(App\Controllers\UserController))
#10 C:\xampp\htdocs\ci_2023_DominguezAnibal\system\CodeIgniter.php(368): CodeIgniter\CodeIgniter->handleRequest(NULL, Object(Config\Cache), false)
#11 C:\xampp\htdocs\ci_2023_DominguezAnibal\index.php(67): CodeIgniter\CodeIgniter->run()
#12 {main}
CRITICAL - 2023-05-14 21:08:50 --> Cannot add or update a child row: a foreign key constraint fails (`db_dominguez_anibal`.`usuarios`, CONSTRAINT `usuarios_ibfk_1` FOREIGN KEY (`id_perfil`) REFERENCES `perfil` (`id_perfil`))
in SYSTEMPATH\Database\MySQLi\Connection.php on line 295.
 1 SYSTEMPATH\Database\MySQLi\Connection.php(295): mysqli->query('INSERT INTO `usuarios` (`nombre_usuario`, `apellido_usuario`, `email_usuario`, `contrasena_usuario`, `estado_usuario`) VALUES (\'Anibal \', \'Dominguez\', \'benjad971.bd@gmail.com\', \'$2y$10$xoUZibrtV/i4GCUIOQ3sE.1SGlpXOK/ScA7g/Zi/br8JYfYN5qsey\', 1)', 0)
 2 SYSTEMPATH\Database\BaseConnection.php(691): CodeIgniter\Database\MySQLi\Connection->execute('INSERT INTO `usuarios` (`nombre_usuario`, `apellido_usuario`, `email_usuario`, `contrasena_usuario`, `estado_usuario`) VALUES (\'Anibal \', \'Dominguez\', \'benjad971.bd@gmail.com\', \'$2y$10$xoUZibrtV/i4GCUIOQ3sE.1SGlpXOK/ScA7g/Zi/br8JYfYN5qsey\', 1)')
 3 SYSTEMPATH\Database\BaseConnection.php(605): CodeIgniter\Database\BaseConnection->simpleQuery('INSERT INTO `usuarios` (`nombre_usuario`, `apellido_usuario`, `email_usuario`, `contrasena_usuario`, `estado_usuario`) VALUES (\'Anibal \', \'Dominguez\', \'benjad971.bd@gmail.com\', \'$2y$10$xoUZibrtV/i4GCUIOQ3sE.1SGlpXOK/ScA7g/Zi/br8JYfYN5qsey\', 1)')
 4 SYSTEMPATH\Database\BaseBuilder.php(2309): CodeIgniter\Database\BaseConnection->query('INSERT INTO `usuarios` (`nombre_usuario`, `apellido_usuario`, `email_usuario`, `contrasena_usuario`, `estado_usuario`) VALUES (:nombre_usuario:, :apellido_usuario:, :email_usuario:, :contrasena_usuario:, :estado_usuario:)', [...], false)
 5 SYSTEMPATH\Model.php(330): CodeIgniter\Database\BaseBuilder->insert()
 6 SYSTEMPATH\BaseModel.php(782): CodeIgniter\Model->doInsert([...])
 7 SYSTEMPATH\Model.php(730): CodeIgniter\BaseModel->insert([...], true)
 8 APPPATH\Controllers\UserController.php(76): CodeIgniter\Model->insert([...])
 9 SYSTEMPATH\CodeIgniter.php(934): App\Controllers\UserController->registrarUsuario()
10 SYSTEMPATH\CodeIgniter.php(499): CodeIgniter\CodeIgniter->runController(Object(App\Controllers\UserController))
11 SYSTEMPATH\CodeIgniter.php(368): CodeIgniter\CodeIgniter->handleRequest(null, Object(Config\Cache), false)
12 FCPATH\index.php(67): CodeIgniter\CodeIgniter->run()
ERROR - 2023-05-14 21:13:27 --> mysqli_sql_exception: Cannot add or update a child row: a foreign key constraint fails (`db_dominguez_anibal`.`usuarios`, CONSTRAINT `usuarios_ibfk_1` FOREIGN KEY (`id_perfil`) REFERENCES `perfil` (`id_perfil`) ON UPDATE CASCADE) in C:\xampp\htdocs\ci_2023_DominguezAnibal\system\Database\MySQLi\Connection.php:295
Stack trace:
#0 C:\xampp\htdocs\ci_2023_DominguezAnibal\system\Database\MySQLi\Connection.php(295): mysqli->query('INSERT INTO `us...', 0)
#1 C:\xampp\htdocs\ci_2023_DominguezAnibal\system\Database\BaseConnection.php(691): CodeIgniter\Database\MySQLi\Connection->execute('INSERT INTO `us...')
#2 C:\xampp\htdocs\ci_2023_DominguezAnibal\system\Database\BaseConnection.php(605): CodeIgniter\Database\BaseConnection->simpleQuery('INSERT INTO `us...')
#3 C:\xampp\htdocs\ci_2023_DominguezAnibal\system\Database\BaseBuilder.php(2309): CodeIgniter\Database\BaseConnection->query('INSERT INTO `us...', Array, false)
#4 C:\xampp\htdocs\ci_2023_DominguezAnibal\system\Model.php(330): CodeIgniter\Database\BaseBuilder->insert()
#5 C:\xampp\htdocs\ci_2023_DominguezAnibal\system\BaseModel.php(782): CodeIgniter\Model->doInsert(Array)
#6 C:\xampp\htdocs\ci_2023_DominguezAnibal\system\Model.php(730): CodeIgniter\BaseModel->insert(Array, true)
#7 C:\xampp\htdocs\ci_2023_DominguezAnibal\app\Controllers\UserController.php(76): CodeIgniter\Model->insert(Array)
#8 C:\xampp\htdocs\ci_2023_DominguezAnibal\system\CodeIgniter.php(934): App\Controllers\UserController->registrarUsuario()
#9 C:\xampp\htdocs\ci_2023_DominguezAnibal\system\CodeIgniter.php(499): CodeIgniter\CodeIgniter->runController(Object(App\Controllers\UserController))
#10 C:\xampp\htdocs\ci_2023_DominguezAnibal\system\CodeIgniter.php(368): CodeIgniter\CodeIgniter->handleRequest(NULL, Object(Config\Cache), false)
#11 C:\xampp\htdocs\ci_2023_DominguezAnibal\index.php(67): CodeIgniter\CodeIgniter->run()
#12 {main}
CRITICAL - 2023-05-14 21:13:27 --> Cannot add or update a child row: a foreign key constraint fails (`db_dominguez_anibal`.`usuarios`, CONSTRAINT `usuarios_ibfk_1` FOREIGN KEY (`id_perfil`) REFERENCES `perfil` (`id_perfil`) ON UPDATE CASCADE)
in SYSTEMPATH\Database\MySQLi\Connection.php on line 295.
 1 SYSTEMPATH\Database\MySQLi\Connection.php(295): mysqli->query('INSERT INTO `usuarios` (`nombre_usuario`, `apellido_usuario`, `email_usuario`, `contrasena_usuario`, `estado_usuario`) VALUES (\'Anibal \', \'Dominguez\', \'benjad971.bd@gmail.com\', \'$2y$10$MJ/4o4BLmXkYxNCB1agvs.V8LPMxndzDuUmRZ4FchR0lJCuPwRKIW\', 1)', 0)
 2 SYSTEMPATH\Database\BaseConnection.php(691): CodeIgniter\Database\MySQLi\Connection->execute('INSERT INTO `usuarios` (`nombre_usuario`, `apellido_usuario`, `email_usuario`, `contrasena_usuario`, `estado_usuario`) VALUES (\'Anibal \', \'Dominguez\', \'benjad971.bd@gmail.com\', \'$2y$10$MJ/4o4BLmXkYxNCB1agvs.V8LPMxndzDuUmRZ4FchR0lJCuPwRKIW\', 1)')
 3 SYSTEMPATH\Database\BaseConnection.php(605): CodeIgniter\Database\BaseConnection->simpleQuery('INSERT INTO `usuarios` (`nombre_usuario`, `apellido_usuario`, `email_usuario`, `contrasena_usuario`, `estado_usuario`) VALUES (\'Anibal \', \'Dominguez\', \'benjad971.bd@gmail.com\', \'$2y$10$MJ/4o4BLmXkYxNCB1agvs.V8LPMxndzDuUmRZ4FchR0lJCuPwRKIW\', 1)')
 4 SYSTEMPATH\Database\BaseBuilder.php(2309): CodeIgniter\Database\BaseConnection->query('INSERT INTO `usuarios` (`nombre_usuario`, `apellido_usuario`, `email_usuario`, `contrasena_usuario`, `estado_usuario`) VALUES (:nombre_usuario:, :apellido_usuario:, :email_usuario:, :contrasena_usuario:, :estado_usuario:)', [...], false)
 5 SYSTEMPATH\Model.php(330): CodeIgniter\Database\BaseBuilder->insert()
 6 SYSTEMPATH\BaseModel.php(782): CodeIgniter\Model->doInsert([...])
 7 SYSTEMPATH\Model.php(730): CodeIgniter\BaseModel->insert([...], true)
 8 APPPATH\Controllers\UserController.php(76): CodeIgniter\Model->insert([...])
 9 SYSTEMPATH\CodeIgniter.php(934): App\Controllers\UserController->registrarUsuario()
10 SYSTEMPATH\CodeIgniter.php(499): CodeIgniter\CodeIgniter->runController(Object(App\Controllers\UserController))
11 SYSTEMPATH\CodeIgniter.php(368): CodeIgniter\CodeIgniter->handleRequest(null, Object(Config\Cache), false)
12 FCPATH\index.php(67): CodeIgniter\CodeIgniter->run()
