CRITICAL - 2023-04-20 04:21:51 --> Cannot redeclare App\Controllers\Home::catalogo()
in APPPATH\Controllers\Home.php on line 45.
 1 [internal function]: CodeIgniter\Debug\Exceptions->shutdownHandler()
CRITICAL - 2023-04-20 12:49:19 --> Undefined variable $titulo
in APPPATH\Views\plantillas\head.php on line 22.
 1 APPPATH\Views\plantillas\head.php(22): CodeIgniter\Debug\Exceptions->errorHandler(2, 'Undefined variable $titulo', 'C:\\xampp\\htdocs\\ci_2023\\app\\Views\\plantillas\\head.php', 22)
 2 SYSTEMPATH\View\View.php(213): include('C:\\xampp\\htdocs\\ci_2023\\app\\Views\\plantillas\\head.php')
 3 SYSTEMPATH\View\View.php(216): CodeIgniter\View\View->CodeIgniter\View\{closure}()
 4 SYSTEMPATH\Common.php(1184): CodeIgniter\View\View->render('plantillas\\head', [], true)
 5 APPPATH\Controllers\Home.php(28): view('plantillas\\head')
 6 SYSTEMPATH\CodeIgniter.php(934): App\Controllers\Home->nosotros()
 7 SYSTEMPATH\CodeIgniter.php(499): CodeIgniter\CodeIgniter->runController(Object(App\Controllers\Home))
 8 SYSTEMPATH\CodeIgniter.php(368): CodeIgniter\CodeIgniter->handleRequest(null, Object(Config\Cache), false)
 9 FCPATH\index.php(67): CodeIgniter\CodeIgniter->run()
CRITICAL - 2023-04-20 12:50:19 --> Undefined variable $titulo
in APPPATH\Views\plantillas\head.php on line 22.
 1 APPPATH\Views\plantillas\head.php(22): CodeIgniter\Debug\Exceptions->errorHandler(2, 'Undefined variable $titulo', 'C:\\xampp\\htdocs\\ci_2023\\app\\Views\\plantillas\\head.php', 22)
 2 SYSTEMPATH\View\View.php(213): include('C:\\xampp\\htdocs\\ci_2023\\app\\Views\\plantillas\\head.php')
 3 SYSTEMPATH\View\View.php(216): CodeIgniter\View\View->CodeIgniter\View\{closure}()
 4 SYSTEMPATH\Common.php(1184): CodeIgniter\View\View->render('plantillas\\head', [], true)
 5 APPPATH\Controllers\Home.php(28): view('plantillas\\head')
 6 SYSTEMPATH\CodeIgniter.php(934): App\Controllers\Home->nosotros()
 7 SYSTEMPATH\CodeIgniter.php(499): CodeIgniter\CodeIgniter->runController(Object(App\Controllers\Home))
 8 SYSTEMPATH\CodeIgniter.php(368): CodeIgniter\CodeIgniter->handleRequest(null, Object(Config\Cache), false)
 9 FCPATH\index.php(67): CodeIgniter\CodeIgniter->run()
CRITICAL - 2023-04-20 12:51:04 --> Undefined variable $titulo
in APPPATH\Views\plantillas\head.php on line 22.
 1 APPPATH\Views\plantillas\head.php(22): CodeIgniter\Debug\Exceptions->errorHandler(2, 'Undefined variable $titulo', 'C:\\xampp\\htdocs\\ci_2023\\app\\Views\\plantillas\\head.php', 22)
 2 SYSTEMPATH\View\View.php(213): include('C:\\xampp\\htdocs\\ci_2023\\app\\Views\\plantillas\\head.php')
 3 SYSTEMPATH\View\View.php(216): CodeIgniter\View\View->CodeIgniter\View\{closure}()
 4 SYSTEMPATH\Common.php(1184): CodeIgniter\View\View->render('plantillas\\head', [], true)
 5 APPPATH\Controllers\Home.php(20): view('plantillas\\head')
 6 SYSTEMPATH\CodeIgniter.php(934): App\Controllers\Home->terminos()
 7 SYSTEMPATH\CodeIgniter.php(499): CodeIgniter\CodeIgniter->runController(Object(App\Controllers\Home))
 8 SYSTEMPATH\CodeIgniter.php(368): CodeIgniter\CodeIgniter->handleRequest(null, Object(Config\Cache), false)
 9 FCPATH\index.php(67): CodeIgniter\CodeIgniter->run()
CRITICAL - 2023-04-20 12:52:22 --> syntax error, unexpected token ","
in APPPATH\Controllers\Home.php on line 27.
 1 SYSTEMPATH\Autoloader\Autoloader.php(289): CodeIgniter\Autoloader\Autoloader->includeFile('C:\\xampp\\htdocs\\ci_2023\\app\\Controllers\\Home.php')
 2 SYSTEMPATH\Autoloader\Autoloader.php(267): CodeIgniter\Autoloader\Autoloader->loadInNamespace('App\\Controllers\\Home')
 3 [internal function]: CodeIgniter\Autoloader\Autoloader->loadClass('App\\Controllers\\Home')
 4 SYSTEMPATH\CodeIgniter.php(892): class_exists('\\App\\Controllers\\Home', true)
 5 SYSTEMPATH\CodeIgniter.php(486): CodeIgniter\CodeIgniter->startController()
 6 SYSTEMPATH\CodeIgniter.php(368): CodeIgniter\CodeIgniter->handleRequest(null, Object(Config\Cache), false)
 7 FCPATH\index.php(67): CodeIgniter\CodeIgniter->run()
